<?xml version="1.0" encoding="UTF-8"?>
<testsuite xmlns:xsi="http://www.w3.org/2001/XMLSchema-instance" xsi:noNamespaceSchemaLocation="https://maven.apache.org/surefire/maven-surefire-plugin/xsd/surefire-test-report.xsd" name="com.mobanc.wxdev.WxDevApplicationTests" time="3.536" tests="1" errors="0" skipped="0" failures="0">
  <properties>
    <property name="java.specification.version" value="17"/>
    <property name="sun.cpu.isalist" value="amd64"/>
    <property name="sun.jnu.encoding" value="GBK"/>
    <property name="java.class.path" value="D:\my_Pros\springBoot\wx-pusher\target\test-classes;D:\my_Pros\springBoot\wx-pusher\target\classes;D:\maven_Repository\org\springframework\boot\spring-boot-starter-web\2.7.15\spring-boot-starter-web-2.7.15.jar;D:\maven_Repository\org\springframework\boot\spring-boot-starter\2.7.15\spring-boot-starter-2.7.15.jar;D:\maven_Repository\org\springframework\boot\spring-boot\2.7.15\spring-boot-2.7.15.jar;D:\maven_Repository\org\springframework\boot\spring-boot-starter-logging\2.7.15\spring-boot-starter-logging-2.7.15.jar;D:\maven_Repository\ch\qos\logback\logback-classic\1.2.12\logback-classic-1.2.12.jar;D:\maven_Repository\ch\qos\logback\logback-core\1.2.12\logback-core-1.2.12.jar;D:\maven_Repository\org\apache\logging\log4j\log4j-to-slf4j\2.17.2\log4j-to-slf4j-2.17.2.jar;D:\maven_Repository\org\apache\logging\log4j\log4j-api\2.17.2\log4j-api-2.17.2.jar;D:\maven_Repository\org\slf4j\jul-to-slf4j\1.7.36\jul-to-slf4j-1.7.36.jar;D:\maven_Repository\jakarta\annotation\jakarta.annotation-api\1.3.5\jakarta.annotation-api-1.3.5.jar;D:\maven_Repository\org\yaml\snakeyaml\1.30\snakeyaml-1.30.jar;D:\maven_Repository\org\springframework\boot\spring-boot-starter-json\2.7.15\spring-boot-starter-json-2.7.15.jar;D:\maven_Repository\com\fasterxml\jackson\datatype\jackson-datatype-jdk8\2.13.5\jackson-datatype-jdk8-2.13.5.jar;D:\maven_Repository\com\fasterxml\jackson\datatype\jackson-datatype-jsr310\2.13.5\jackson-datatype-jsr310-2.13.5.jar;D:\maven_Repository\com\fasterxml\jackson\module\jackson-module-parameter-names\2.13.5\jackson-module-parameter-names-2.13.5.jar;D:\maven_Repository\org\springframework\boot\spring-boot-starter-tomcat\2.7.15\spring-boot-starter-tomcat-2.7.15.jar;D:\maven_Repository\org\apache\tomcat\embed\tomcat-embed-core\9.0.79\tomcat-embed-core-9.0.79.jar;D:\maven_Repository\org\apache\tomcat\embed\tomcat-embed-el\9.0.79\tomcat-embed-el-9.0.79.jar;D:\maven_Repository\org\apache\tomcat\embed\tomcat-embed-websocket\9.0.79\tomcat-embed-websocket-9.0.79.jar;D:\maven_Repository\org\springframework\spring-web\5.3.29\spring-web-5.3.29.jar;D:\maven_Repository\org\springframework\spring-beans\5.3.29\spring-beans-5.3.29.jar;D:\maven_Repository\org\springframework\spring-webmvc\5.3.29\spring-webmvc-5.3.29.jar;D:\maven_Repository\org\springframework\spring-aop\5.3.29\spring-aop-5.3.29.jar;D:\maven_Repository\org\springframework\spring-context\5.3.29\spring-context-5.3.29.jar;D:\maven_Repository\org\springframework\spring-expression\5.3.29\spring-expression-5.3.29.jar;D:\maven_Repository\com\mysql\mysql-connector-j\8.0.33\mysql-connector-j-8.0.33.jar;D:\maven_Repository\org\projectlombok\lombok\1.18.28\lombok-1.18.28.jar;D:\maven_Repository\org\springframework\boot\spring-boot-starter-test\2.7.15\spring-boot-starter-test-2.7.15.jar;D:\maven_Repository\org\springframework\boot\spring-boot-test\2.7.15\spring-boot-test-2.7.15.jar;D:\maven_Repository\org\springframework\boot\spring-boot-test-autoconfigure\2.7.15\spring-boot-test-autoconfigure-2.7.15.jar;D:\maven_Repository\com\jayway\jsonpath\json-path\2.7.0\json-path-2.7.0.jar;D:\maven_Repository\net\minidev\json-smart\2.4.11\json-smart-2.4.11.jar;D:\maven_Repository\net\minidev\accessors-smart\2.4.11\accessors-smart-2.4.11.jar;D:\maven_Repository\org\ow2\asm\asm\9.3\asm-9.3.jar;D:\maven_Repository\org\slf4j\slf4j-api\1.7.36\slf4j-api-1.7.36.jar;D:\maven_Repository\jakarta\xml\bind\jakarta.xml.bind-api\2.3.3\jakarta.xml.bind-api-2.3.3.jar;D:\maven_Repository\jakarta\activation\jakarta.activation-api\1.2.2\jakarta.activation-api-1.2.2.jar;D:\maven_Repository\org\assertj\assertj-core\3.22.0\assertj-core-3.22.0.jar;D:\maven_Repository\org\hamcrest\hamcrest\2.2\hamcrest-2.2.jar;D:\maven_Repository\org\junit\jupiter\junit-jupiter\5.8.2\junit-jupiter-5.8.2.jar;D:\maven_Repository\org\junit\jupiter\junit-jupiter-api\5.8.2\junit-jupiter-api-5.8.2.jar;D:\maven_Repository\org\opentest4j\opentest4j\1.2.0\opentest4j-1.2.0.jar;D:\maven_Repository\org\junit\platform\junit-platform-commons\1.8.2\junit-platform-commons-1.8.2.jar;D:\maven_Repository\org\apiguardian\apiguardian-api\1.1.2\apiguardian-api-1.1.2.jar;D:\maven_Repository\org\junit\jupiter\junit-jupiter-params\5.8.2\junit-jupiter-params-5.8.2.jar;D:\maven_Repository\org\junit\jupiter\junit-jupiter-engine\5.8.2\junit-jupiter-engine-5.8.2.jar;D:\maven_Repository\org\junit\platform\junit-platform-engine\1.8.2\junit-platform-engine-1.8.2.jar;D:\maven_Repository\org\mockito\mockito-core\4.5.1\mockito-core-4.5.1.jar;D:\maven_Repository\net\bytebuddy\byte-buddy\1.12.23\byte-buddy-1.12.23.jar;D:\maven_Repository\net\bytebuddy\byte-buddy-agent\1.12.23\byte-buddy-agent-1.12.23.jar;D:\maven_Repository\org\objenesis\objenesis\3.2\objenesis-3.2.jar;D:\maven_Repository\org\mockito\mockito-junit-jupiter\4.5.1\mockito-junit-jupiter-4.5.1.jar;D:\maven_Repository\org\skyscreamer\jsonassert\1.5.1\jsonassert-1.5.1.jar;D:\maven_Repository\com\vaadin\external\google\android-json\0.0.20131108.vaadin1\android-json-0.0.20131108.vaadin1.jar;D:\maven_Repository\org\springframework\spring-core\5.3.29\spring-core-5.3.29.jar;D:\maven_Repository\org\springframework\spring-jcl\5.3.29\spring-jcl-5.3.29.jar;D:\maven_Repository\org\springframework\spring-test\5.3.29\spring-test-5.3.29.jar;D:\maven_Repository\org\xmlunit\xmlunit-core\2.9.1\xmlunit-core-2.9.1.jar;D:\maven_Repository\com\baomidou\mybatis-plus-boot-starter\3.5.3.2\mybatis-plus-boot-starter-3.5.3.2.jar;D:\maven_Repository\com\baomidou\mybatis-plus\3.5.3.2\mybatis-plus-3.5.3.2.jar;D:\maven_Repository\com\baomidou\mybatis-plus-extension\3.5.3.2\mybatis-plus-extension-3.5.3.2.jar;D:\maven_Repository\com\baomidou\mybatis-plus-core\3.5.3.2\mybatis-plus-core-3.5.3.2.jar;D:\maven_Repository\com\baomidou\mybatis-plus-annotation\3.5.3.2\mybatis-plus-annotation-3.5.3.2.jar;D:\maven_Repository\com\github\jsqlparser\jsqlparser\4.6\jsqlparser-4.6.jar;D:\maven_Repository\org\mybatis\mybatis\3.5.13\mybatis-3.5.13.jar;D:\maven_Repository\org\mybatis\mybatis-spring\2.1.1\mybatis-spring-2.1.1.jar;D:\maven_Repository\org\springframework\boot\spring-boot-autoconfigure\2.7.15\spring-boot-autoconfigure-2.7.15.jar;D:\maven_Repository\org\springframework\boot\spring-boot-starter-jdbc\2.7.15\spring-boot-starter-jdbc-2.7.15.jar;D:\maven_Repository\com\zaxxer\HikariCP\4.0.3\HikariCP-4.0.3.jar;D:\maven_Repository\org\springframework\spring-jdbc\5.3.29\spring-jdbc-5.3.29.jar;D:\maven_Repository\org\springframework\spring-tx\5.3.29\spring-tx-5.3.29.jar;D:\maven_Repository\org\springframework\boot\spring-boot-starter-thymeleaf\3.1.2\spring-boot-starter-thymeleaf-3.1.2.jar;D:\maven_Repository\org\thymeleaf\thymeleaf-spring6\3.1.1.RELEASE\thymeleaf-spring6-3.1.1.RELEASE.jar;D:\maven_Repository\org\thymeleaf\thymeleaf\3.0.15.RELEASE\thymeleaf-3.0.15.RELEASE.jar;D:\maven_Repository\org\attoparser\attoparser\2.0.5.RELEASE\attoparser-2.0.5.RELEASE.jar;D:\maven_Repository\org\unbescape\unbescape\1.1.6.RELEASE\unbescape-1.1.6.RELEASE.jar;D:\maven_Repository\com\alibaba\fastjson\1.2.70\fastjson-1.2.70.jar;D:\maven_Repository\org\apache\httpcomponents\httpclient\4.5.13\httpclient-4.5.13.jar;D:\maven_Repository\org\apache\httpcomponents\httpcore\4.4.16\httpcore-4.4.16.jar;D:\maven_Repository\commons-codec\commons-codec\1.15\commons-codec-1.15.jar;D:\maven_Repository\com\fasterxml\jackson\core\jackson-core\2.12.3\jackson-core-2.12.3.jar;D:\maven_Repository\com\fasterxml\jackson\core\jackson-databind\2.12.3\jackson-databind-2.12.3.jar;D:\maven_Repository\com\fasterxml\jackson\core\jackson-annotations\2.13.5\jackson-annotations-2.13.5.jar;D:\maven_Repository\org\springframework\boot\spring-boot-starter-actuator\2.7.15\spring-boot-starter-actuator-2.7.15.jar;D:\maven_Repository\org\springframework\boot\spring-boot-actuator-autoconfigure\2.7.15\spring-boot-actuator-autoconfigure-2.7.15.jar;D:\maven_Repository\org\springframework\boot\spring-boot-actuator\2.7.15\spring-boot-actuator-2.7.15.jar;D:\maven_Repository\io\micrometer\micrometer-core\1.9.14\micrometer-core-1.9.14.jar;D:\maven_Repository\org\hdrhistogram\HdrHistogram\2.1.12\HdrHistogram-2.1.12.jar;D:\maven_Repository\org\latencyutils\LatencyUtils\2.0.3\LatencyUtils-2.0.3.jar;"/>
    <property name="java.vm.vendor" value="Oracle Corporation"/>
    <property name="sun.arch.data.model" value="64"/>
    <property name="user.variant" value=""/>
    <property name="java.vendor.url" value="https://java.oracle.com/"/>
    <property name="user.timezone" value="Asia/Shanghai"/>
    <property name="os.name" value="Windows 11"/>
    <property name="java.vm.specification.version" value="17"/>
    <property name="sun.java.launcher" value="SUN_STANDARD"/>
    <property name="user.country" value="CN"/>
    <property name="sun.boot.library.path" value="D:\Java\jdk-17.0.4.1\bin"/>
    <property name="sun.java.command" value="C:\Users\Mobanc\AppData\Local\Temp\surefire204965376416553788\surefirebooter16267205825957453037.jar C:\Users\Mobanc\AppData\Local\Temp\surefire204965376416553788 2023-10-15T20-10-27_817-jvmRun1 surefire1515067842418337799tmp surefire_03516630299850759866tmp"/>
    <property name="jdk.debug" value="release"/>
    <property name="surefire.test.class.path" value="D:\my_Pros\springBoot\wx-pusher\target\test-classes;D:\my_Pros\springBoot\wx-pusher\target\classes;D:\maven_Repository\org\springframework\boot\spring-boot-starter-web\2.7.15\spring-boot-starter-web-2.7.15.jar;D:\maven_Repository\org\springframework\boot\spring-boot-starter\2.7.15\spring-boot-starter-2.7.15.jar;D:\maven_Repository\org\springframework\boot\spring-boot\2.7.15\spring-boot-2.7.15.jar;D:\maven_Repository\org\springframework\boot\spring-boot-starter-logging\2.7.15\spring-boot-starter-logging-2.7.15.jar;D:\maven_Repository\ch\qos\logback\logback-classic\1.2.12\logback-classic-1.2.12.jar;D:\maven_Repository\ch\qos\logback\logback-core\1.2.12\logback-core-1.2.12.jar;D:\maven_Repository\org\apache\logging\log4j\log4j-to-slf4j\2.17.2\log4j-to-slf4j-2.17.2.jar;D:\maven_Repository\org\apache\logging\log4j\log4j-api\2.17.2\log4j-api-2.17.2.jar;D:\maven_Repository\org\slf4j\jul-to-slf4j\1.7.36\jul-to-slf4j-1.7.36.jar;D:\maven_Repository\jakarta\annotation\jakarta.annotation-api\1.3.5\jakarta.annotation-api-1.3.5.jar;D:\maven_Repository\org\yaml\snakeyaml\1.30\snakeyaml-1.30.jar;D:\maven_Repository\org\springframework\boot\spring-boot-starter-json\2.7.15\spring-boot-starter-json-2.7.15.jar;D:\maven_Repository\com\fasterxml\jackson\datatype\jackson-datatype-jdk8\2.13.5\jackson-datatype-jdk8-2.13.5.jar;D:\maven_Repository\com\fasterxml\jackson\datatype\jackson-datatype-jsr310\2.13.5\jackson-datatype-jsr310-2.13.5.jar;D:\maven_Repository\com\fasterxml\jackson\module\jackson-module-parameter-names\2.13.5\jackson-module-parameter-names-2.13.5.jar;D:\maven_Repository\org\springframework\boot\spring-boot-starter-tomcat\2.7.15\spring-boot-starter-tomcat-2.7.15.jar;D:\maven_Repository\org\apache\tomcat\embed\tomcat-embed-core\9.0.79\tomcat-embed-core-9.0.79.jar;D:\maven_Repository\org\apache\tomcat\embed\tomcat-embed-el\9.0.79\tomcat-embed-el-9.0.79.jar;D:\maven_Repository\org\apache\tomcat\embed\tomcat-embed-websocket\9.0.79\tomcat-embed-websocket-9.0.79.jar;D:\maven_Repository\org\springframework\spring-web\5.3.29\spring-web-5.3.29.jar;D:\maven_Repository\org\springframework\spring-beans\5.3.29\spring-beans-5.3.29.jar;D:\maven_Repository\org\springframework\spring-webmvc\5.3.29\spring-webmvc-5.3.29.jar;D:\maven_Repository\org\springframework\spring-aop\5.3.29\spring-aop-5.3.29.jar;D:\maven_Repository\org\springframework\spring-context\5.3.29\spring-context-5.3.29.jar;D:\maven_Repository\org\springframework\spring-expression\5.3.29\spring-expression-5.3.29.jar;D:\maven_Repository\com\mysql\mysql-connector-j\8.0.33\mysql-connector-j-8.0.33.jar;D:\maven_Repository\org\projectlombok\lombok\1.18.28\lombok-1.18.28.jar;D:\maven_Repository\org\springframework\boot\spring-boot-starter-test\2.7.15\spring-boot-starter-test-2.7.15.jar;D:\maven_Repository\org\springframework\boot\spring-boot-test\2.7.15\spring-boot-test-2.7.15.jar;D:\maven_Repository\org\springframework\boot\spring-boot-test-autoconfigure\2.7.15\spring-boot-test-autoconfigure-2.7.15.jar;D:\maven_Repository\com\jayway\jsonpath\json-path\2.7.0\json-path-2.7.0.jar;D:\maven_Repository\net\minidev\json-smart\2.4.11\json-smart-2.4.11.jar;D:\maven_Repository\net\minidev\accessors-smart\2.4.11\accessors-smart-2.4.11.jar;D:\maven_Repository\org\ow2\asm\asm\9.3\asm-9.3.jar;D:\maven_Repository\org\slf4j\slf4j-api\1.7.36\slf4j-api-1.7.36.jar;D:\maven_Repository\jakarta\xml\bind\jakarta.xml.bind-api\2.3.3\jakarta.xml.bind-api-2.3.3.jar;D:\maven_Repository\jakarta\activation\jakarta.activation-api\1.2.2\jakarta.activation-api-1.2.2.jar;D:\maven_Repository\org\assertj\assertj-core\3.22.0\assertj-core-3.22.0.jar;D:\maven_Repository\org\hamcrest\hamcrest\2.2\hamcrest-2.2.jar;D:\maven_Repository\org\junit\jupiter\junit-jupiter\5.8.2\junit-jupiter-5.8.2.jar;D:\maven_Repository\org\junit\jupiter\junit-jupiter-api\5.8.2\junit-jupiter-api-5.8.2.jar;D:\maven_Repository\org\opentest4j\opentest4j\1.2.0\opentest4j-1.2.0.jar;D:\maven_Repository\org\junit\platform\junit-platform-commons\1.8.2\junit-platform-commons-1.8.2.jar;D:\maven_Repository\org\apiguardian\apiguardian-api\1.1.2\apiguardian-api-1.1.2.jar;D:\maven_Repository\org\junit\jupiter\junit-jupiter-params\5.8.2\junit-jupiter-params-5.8.2.jar;D:\maven_Repository\org\junit\jupiter\junit-jupiter-engine\5.8.2\junit-jupiter-engine-5.8.2.jar;D:\maven_Repository\org\junit\platform\junit-platform-engine\1.8.2\junit-platform-engine-1.8.2.jar;D:\maven_Repository\org\mockito\mockito-core\4.5.1\mockito-core-4.5.1.jar;D:\maven_Repository\net\bytebuddy\byte-buddy\1.12.23\byte-buddy-1.12.23.jar;D:\maven_Repository\net\bytebuddy\byte-buddy-agent\1.12.23\byte-buddy-agent-1.12.23.jar;D:\maven_Repository\org\objenesis\objenesis\3.2\objenesis-3.2.jar;D:\maven_Repository\org\mockito\mockito-junit-jupiter\4.5.1\mockito-junit-jupiter-4.5.1.jar;D:\maven_Repository\org\skyscreamer\jsonassert\1.5.1\jsonassert-1.5.1.jar;D:\maven_Repository\com\vaadin\external\google\android-json\0.0.20131108.vaadin1\android-json-0.0.20131108.vaadin1.jar;D:\maven_Repository\org\springframework\spring-core\5.3.29\spring-core-5.3.29.jar;D:\maven_Repository\org\springframework\spring-jcl\5.3.29\spring-jcl-5.3.29.jar;D:\maven_Repository\org\springframework\spring-test\5.3.29\spring-test-5.3.29.jar;D:\maven_Repository\org\xmlunit\xmlunit-core\2.9.1\xmlunit-core-2.9.1.jar;D:\maven_Repository\com\baomidou\mybatis-plus-boot-starter\3.5.3.2\mybatis-plus-boot-starter-3.5.3.2.jar;D:\maven_Repository\com\baomidou\mybatis-plus\3.5.3.2\mybatis-plus-3.5.3.2.jar;D:\maven_Repository\com\baomidou\mybatis-plus-extension\3.5.3.2\mybatis-plus-extension-3.5.3.2.jar;D:\maven_Repository\com\baomidou\mybatis-plus-core\3.5.3.2\mybatis-plus-core-3.5.3.2.jar;D:\maven_Repository\com\baomidou\mybatis-plus-annotation\3.5.3.2\mybatis-plus-annotation-3.5.3.2.jar;D:\maven_Repository\com\github\jsqlparser\jsqlparser\4.6\jsqlparser-4.6.jar;D:\maven_Repository\org\mybatis\mybatis\3.5.13\mybatis-3.5.13.jar;D:\maven_Repository\org\mybatis\mybatis-spring\2.1.1\mybatis-spring-2.1.1.jar;D:\maven_Repository\org\springframework\boot\spring-boot-autoconfigure\2.7.15\spring-boot-autoconfigure-2.7.15.jar;D:\maven_Repository\org\springframework\boot\spring-boot-starter-jdbc\2.7.15\spring-boot-starter-jdbc-2.7.15.jar;D:\maven_Repository\com\zaxxer\HikariCP\4.0.3\HikariCP-4.0.3.jar;D:\maven_Repository\org\springframework\spring-jdbc\5.3.29\spring-jdbc-5.3.29.jar;D:\maven_Repository\org\springframework\spring-tx\5.3.29\spring-tx-5.3.29.jar;D:\maven_Repository\org\springframework\boot\spring-boot-starter-thymeleaf\3.1.2\spring-boot-starter-thymeleaf-3.1.2.jar;D:\maven_Repository\org\thymeleaf\thymeleaf-spring6\3.1.1.RELEASE\thymeleaf-spring6-3.1.1.RELEASE.jar;D:\maven_Repository\org\thymeleaf\thymeleaf\3.0.15.RELEASE\thymeleaf-3.0.15.RELEASE.jar;D:\maven_Repository\org\attoparser\attoparser\2.0.5.RELEASE\attoparser-2.0.5.RELEASE.jar;D:\maven_Repository\org\unbescape\unbescape\1.1.6.RELEASE\unbescape-1.1.6.RELEASE.jar;D:\maven_Repository\com\alibaba\fastjson\1.2.70\fastjson-1.2.70.jar;D:\maven_Repository\org\apache\httpcomponents\httpclient\4.5.13\httpclient-4.5.13.jar;D:\maven_Repository\org\apache\httpcomponents\httpcore\4.4.16\httpcore-4.4.16.jar;D:\maven_Repository\commons-codec\commons-codec\1.15\commons-codec-1.15.jar;D:\maven_Repository\com\fasterxml\jackson\core\jackson-core\2.12.3\jackson-core-2.12.3.jar;D:\maven_Repository\com\fasterxml\jackson\core\jackson-databind\2.12.3\jackson-databind-2.12.3.jar;D:\maven_Repository\com\fasterxml\jackson\core\jackson-annotations\2.13.5\jackson-annotations-2.13.5.jar;D:\maven_Repository\org\springframework\boot\spring-boot-starter-actuator\2.7.15\spring-boot-starter-actuator-2.7.15.jar;D:\maven_Repository\org\springframework\boot\spring-boot-actuator-autoconfigure\2.7.15\spring-boot-actuator-autoconfigure-2.7.15.jar;D:\maven_Repository\org\springframework\boot\spring-boot-actuator\2.7.15\spring-boot-actuator-2.7.15.jar;D:\maven_Repository\io\micrometer\micrometer-core\1.9.14\micrometer-core-1.9.14.jar;D:\maven_Repository\org\hdrhistogram\HdrHistogram\2.1.12\HdrHistogram-2.1.12.jar;D:\maven_Repository\org\latencyutils\LatencyUtils\2.0.3\LatencyUtils-2.0.3.jar;"/>
    <property name="sun.cpu.endian" value="little"/>
    <property name="user.home" value="C:\Users\Mobanc"/>
    <property name="user.language" value="zh"/>
    <property name="java.specification.vendor" value="Oracle Corporation"/>
    <property name="java.version.date" value="2022-08-18"/>
    <property name="java.home" value="D:\Java\jdk-17.0.4.1"/>
    <property name="file.separator" value="\"/>
    <property name="basedir" value="D:\my_Pros\springBoot\wx-pusher"/>
    <property name="java.vm.compressedOopsMode" value="Zero based"/>
    <property name="line.separator" value="&#10;"/>
    <property name="java.vm.specification.vendor" value="Oracle Corporation"/>
    <property name="java.specification.name" value="Java Platform API Specification"/>
    <property name="surefire.real.class.path" value="C:\Users\Mobanc\AppData\Local\Temp\surefire204965376416553788\surefirebooter16267205825957453037.jar"/>
    <property name="user.script" value=""/>
    <property name="sun.management.compiler" value="HotSpot 64-Bit Tiered Compilers"/>
    <property name="java.runtime.version" value="17.0.4.1+1-LTS-2"/>
    <property name="user.name" value="Mobanc"/>
    <property name="path.separator" value=";"/>
    <property name="os.version" value="10.0"/>
    <property name="java.runtime.name" value="Java(TM) SE Runtime Environment"/>
    <property name="file.encoding" value="GBK"/>
    <property name="java.vm.name" value="Java HotSpot(TM) 64-Bit Server VM"/>
    <property name="localRepository" value="D:\maven_Repository"/>
    <property name="java.vendor.url.bug" value="https://bugreport.java.com/bugreport/"/>
    <property name="java.io.tmpdir" value="C:\Users\Mobanc\AppData\Local\Temp\"/>
    <property name="idea.version" value="2023.2.2"/>
    <property name="java.version" value="17.0.4.1"/>
    <property name="user.dir" value="D:\my_Pros\springBoot\wx-pusher"/>
    <property name="os.arch" value="amd64"/>
    <property name="java.vm.specification.name" value="Java Virtual Machine Specification"/>
    <property name="sun.os.patch.level" value=""/>
    <property name="native.encoding" value="GBK"/>
    <property name="java.library.path" value="D:\Java\jdk-17.0.4.1\bin;C:\WINDOWS\Sun\Java\bin;C:\WINDOWS\system32;C:\WINDOWS;D:\Python\Python311\Scripts\;D:\Python\Python311\;D:\Java\jdk1.8.0_121\bin;D:\Program Files\MySQL\MySQL Server 8.0\bin;D:\apache-maven-3.9.1\bin;C:\Program Files (x86)\VMware\VMware Workstation\bin\;C:\WINDOWS\system32;C:\WINDOWS;C:\WINDOWS\System32\Wbem;C:\WINDOWS\System32\WindowsPowerShell\v1.0\;C:\WINDOWS\System32\OpenSSH\;D:\Xshell\;D:\Rational\common;C:\Users\Mobanc\Desktop\mju_java\mysql-8.0.31-winx64\mysql-8.0.31-winx64\bin;D:\Program Files\Git\cmd;D:\mingw64\bin;D:\Xftp 7\;D:\PuTTY\;C:\Program Files\dotnet\;D:\nvm;D:\nodejs;D:\Redis-x64-5.0.14.1;D:\TortoiseGit\bin;C:\Program Files\Docker\Docker\resources\bin;D:\TortoiseSVN\bin;C:\Users\Mobanc\AppData\Local\Microsoft\WindowsApps;d:\Bandizip\;D:\Microsoft VS Code\bin;D:\JetBrains\IntelliJ IDEA 2022.3.3\bin;D:\JetBrains\DataGrip 2022.3.3\bin;D:\JetBrains\PyCharm 2023.1\bin;D:\Fiddler;D:\nvm;D:\nodejs;C:\Users\Mobanc\.dotnet\tools;D:\JetBrains\WebStorm 2023.2.1\bin;;D:\cpolar\;D:\JetBrains\IntelliJ IDEA 2023.2.2\bin;;."/>
    <property name="java.vm.info" value="mixed mode, sharing"/>
    <property name="java.vendor" value="Oracle Corporation"/>
    <property name="java.vm.version" value="17.0.4.1+1-LTS-2"/>
    <property name="sun.io.unicode.encoding" value="UnicodeLittle"/>
    <property name="maven.repo.local" value="D:\maven_Repository"/>
    <property name="java.class.version" value="61.0"/>
  </properties>
  <testcase name="contextLoads" classname="com.mobanc.wxdev.WxDevApplicationTests" time="0.53"/>
</testsuite>